========================================================================
EXPERIMENTO DE FINE-TUNING - fewshot
========================================================================

Dataset: fewshot
Output: models/bge-m3-fewshot-20260414_085510
Results: results/finetuning/fewshot_20260414_085510_results.json

========================================================================
ETAPA 1: FINE-TUNING
========================================================================

Warning: You are sending unauthenticated requests to the HF Hub. Please set a HF_TOKEN to enable higher rate limits and faster downloads.
================================================================================
FINE-TUNING DE MODELO DE EMBEDDING
================================================================================

🖥️  Device: cpu

📥 Carregando modelo base: BAAI/bge-m3
Loading weights:   0%|          | 0/391 [00:00<?, ?it/s]Loading weights: 100%|██████████| 391/391 [00:00<00:00, 25448.03it/s]
  ✅ Modelo carregado
  📊 Dimensão: 1024
  📏 Max sequence length: 8192

📂 Carregando dataset: fewshot
  ✅ Train: 500 triplas
  ✅ Val: 329 triplas

🔧 Configuração de treino:
  Épocas: 2
  Batch size: 16
  Learning rate: 2e-05
  Warmup steps: 50
  Steps por época: 32
  Total steps: 64

📉 Loss function: MultipleNegativesRankingLoss
   (Aproxima query de positive, afasta de negative)

💾 Modelo será salvo em: models/bge-m3-fewshot-20260414_085510

🚀 Iniciando treinamento...
================================================================================
Computing widget examples:   0%|          | 0/1 [00:00<?, ?example/s]                                                                       0%|          | 0/64 [00:00<?, ?it/s]/l/disk0/lpmoraes/environments/data-science/.venv/lib/python3.12/site-packages/torch/utils/data/dataloader.py:775: UserWarning: 'pin_memory' argument is set as true but no accelerator is found, then device pinned memory won't be used.
  super().__init__(loader)
